<?xml version="1.0" encoding="UTF-8"?>
<testsuites name="testSuite login" time="70" tests="2" failures="0" errors="0">
   <testsuite name="testSuite login" tests="2" failures="0" errors="0" time="70" timestamp="2019-03-22 18:41:28" hostname="FX0 - ikscewks02772.MANDAUE.INNODATA.NET" id="Test Suites/Collection(Cura HealthCare)/testSuite login">
      <properties>
         <property name="deviceName" value=""/>
         <property name="devicePlatform" value=""/>
         <property name="logFolder" value="C:\\Users\\fx0\\Katalon Studio\\sampleProject\\Reports\\Collection(Cura HealthCare)\\testSuite login\\20190322_184125"/>
         <property name="logFiles" value="C:\\Users\\fx0\\Katalon Studio\\sampleProject\\Reports\\Collection(Cura HealthCare)\\testSuite login\\20190322_184125\\execution0.log"/>
         <property name="attachments" value=""/>
         <property name="hostName" value="FX0 - ikscewks02772.MANDAUE.INNODATA.NET"/>
         <property name="os" value="Windows 7 64bit"/>
         <property name="katalonVersion" value="6.0.4.7"/>
         <property name="browser" value="Chrome 73.0.3683.75"/>
         <property name="hostAddress" value="10.160.50.6"/>
         <property name="sessionId" value="e744d6d591b13baa69b25f17b2e6dee8"/>
         <property name="seleniumVersion" value="3.7.1"/>
         <property name="proxyInformation" value="ProxyInformation{proxyOption=NO_PROXY, proxyServerType=HTTP, password=, proxyServerAddress=, proxyServerPort=0}"/>
         <property name="platform" value="Windows 7"/>
      </properties>
      <testcase name="Test Cases/Cura HealthCare Test Cases/Manual Test Case" classname="Test Cases/Cura HealthCare Test Cases/Manual Test Case" status="PASSED">
         <system-out><![CDATA[2019-03-22 18:41:29 - [TEST_CASE][PASSED] - Test Cases/Cura HealthCare Test Cases/Manual Test Case: Test Cases/Cura HealthCare Test Cases/Manual Test Case

2019-03-22 18:41:29 - [TEST_STEP][PASSED] - openBrowser(""): Browser is opened with url: ''

2019-03-22 18:41:29 - [MESSAGE][INFO] - Starting 'Chrome' driver

2019-03-22 18:41:29 - [MESSAGE][INFO] - Action delay is set to 0 seconds

2019-03-22 18:41:40 - [MESSAGE][PASSED] - Browser is opened with url: ''

2019-03-22 18:41:40 - [TEST_STEP][PASSED] - navigateToUrl("https://katalon-demo-cura.herokuapp.com/"): Navigate to 'https://katalon-demo-cura.herokuapp.com/' successfully

2019-03-22 18:42:13 - [MESSAGE][PASSED] - Navigate to 'https://katalon-demo-cura.herokuapp.com/' successfully

2019-03-22 18:42:13 - [TEST_STEP][PASSED] - verifyElementPresent(findTestObject("Page_CURA Healthcare Service/a_Make Appointment"), 0): Object 'Object Repository/Page_CURA Healthcare Service/a_Make Appointment' is present

2019-03-22 18:42:13 - [MESSAGE][WARNING] - Timeout '0' is invalid. Using default page load timeout: '30'

2019-03-22 18:42:13 - [MESSAGE][PASSED] - Object 'Object Repository/Page_CURA Healthcare Service/a_Make Appointment' is present

2019-03-22 18:42:13 - [TEST_STEP][PASSED] - click(findTestObject("Page_CURA Healthcare Service/a_Make Appointment")): Object: 'Object Repository/Page_CURA Healthcare Service/a_Make Appointment' is clicked on

2019-03-22 18:42:16 - [MESSAGE][PASSED] - Object: 'Object Repository/Page_CURA Healthcare Service/a_Make Appointment' is clicked on

2019-03-22 18:42:16 - [TEST_STEP][PASSED] - closeBrowser(): Browser is closed

2019-03-22 18:42:16 - [MESSAGE][PASSED] - Browser is closed]]></system-out>
         <system-err><![CDATA[]]></system-err>
      </testcase>
      <testcase name="Test Cases/Cura HealthCare Test Cases/Record Web" classname="Test Cases/Cura HealthCare Test Cases/Record Web" status="PASSED">
         <system-out><![CDATA[2019-03-22 18:42:16 - [TEST_CASE][PASSED] - Test Cases/Cura HealthCare Test Cases/Record Web: Test Cases/Cura HealthCare Test Cases/Record Web

2019-03-22 18:42:17 - [TEST_STEP][PASSED] - openBrowser(""): Browser is opened with url: ''

2019-03-22 18:42:17 - [MESSAGE][INFO] - Starting 'Chrome' driver

2019-03-22 18:42:23 - [MESSAGE][PASSED] - Browser is opened with url: ''

2019-03-22 18:42:23 - [TEST_STEP][PASSED] - navigateToUrl("https://katalon-demo-cura.herokuapp.com/"): Navigate to 'https://katalon-demo-cura.herokuapp.com/' successfully

2019-03-22 18:42:35 - [MESSAGE][PASSED] - Navigate to 'https://katalon-demo-cura.herokuapp.com/' successfully

2019-03-22 18:42:35 - [TEST_STEP][PASSED] - click(findTestObject("Object Repository/Page_CURA Healthcare Service/a_Make Appointment")): Object: 'Object Repository/Page_CURA Healthcare Service/a_Make Appointment' is clicked on

2019-03-22 18:42:37 - [MESSAGE][PASSED] - Object: 'Object Repository/Page_CURA Healthcare Service/a_Make Appointment' is clicked on

2019-03-22 18:42:37 - [TEST_STEP][PASSED] - setText(findTestObject("Object Repository/Page_CURA Healthcare Service/input_Username_username"), username): Text 'John Doe' is set on object 'Object Repository/Page_CURA Healthcare Service/input_Username_username'

2019-03-22 18:42:37 - [MESSAGE][PASSED] - Text 'John Doe' is set on object 'Object Repository/Page_CURA Healthcare Service/input_Username_username'

2019-03-22 18:42:37 - [TEST_STEP][PASSED] - setText(findTestObject("Object Repository/Page_CURA Healthcare Service/input_Password_password"), password): Text 'ThisIsNotAPassword' is set on object 'Object Repository/Page_CURA Healthcare Service/input_Password_password'

2019-03-22 18:42:37 - [MESSAGE][PASSED] - Text 'ThisIsNotAPassword' is set on object 'Object Repository/Page_CURA Healthcare Service/input_Password_password'

2019-03-22 18:42:37 - [TEST_STEP][PASSED] - click(findTestObject("Object Repository/Page_CURA Healthcare Service/button_Login")): Object: 'Object Repository/Page_CURA Healthcare Service/button_Login' is clicked on

2019-03-22 18:42:38 - [MESSAGE][PASSED] - Object: 'Object Repository/Page_CURA Healthcare Service/button_Login' is clicked on

2019-03-22 18:42:38 - [TEST_STEP][PASSED] - selectOptionByValue(findTestObject("Object Repository/Page_CURA Healthcare Service/select_Tokyo CURA Healthcare C"), "Hongkong CURA Healthcare Center", true): All options with value 'Hongkong CURA Healthcare Center' are selected in object 'Object Repository/Page_CURA Healthcare Service/select_Tokyo CURA Healthcare C'  using regular expression

2019-03-22 18:42:38 - [MESSAGE][PASSED] - All options with value 'Hongkong CURA Healthcare Center' are selected in object 'Object Repository/Page_CURA Healthcare Service/select_Tokyo CURA Healthcare C'  using regular expression

2019-03-22 18:42:38 - [TEST_STEP][PASSED] - check(findTestObject("Object Repository/Page_CURA Healthcare Service/input_Apply for hospital readm")): Object 'Object Repository/Page_CURA Healthcare Service/input_Apply for hospital readm' is checked

2019-03-22 18:42:38 - [MESSAGE][PASSED] - Object 'Object Repository/Page_CURA Healthcare Service/input_Apply for hospital readm' is checked

2019-03-22 18:42:38 - [TEST_STEP][PASSED] - selectOptionByIndex(findTestObject("Object Repository/Page_CURA Healthcare Service/select_Tokyo CURA Healthcare C"), 1): All options with index in [1] are selected on object 'Object Repository/Page_CURA Healthcare Service/select_Tokyo CURA Healthcare C'

2019-03-22 18:42:38 - [MESSAGE][PASSED] - All options with index in [1] are selected on object 'Object Repository/Page_CURA Healthcare Service/select_Tokyo CURA Healthcare C'

2019-03-22 18:42:38 - [TEST_STEP][PASSED] - click(findTestObject("Object Repository/Page_CURA Healthcare Service/label_Medicaid")): Object: 'Object Repository/Page_CURA Healthcare Service/label_Medicaid' is clicked on

2019-03-22 18:42:38 - [MESSAGE][PASSED] - Object: 'Object Repository/Page_CURA Healthcare Service/label_Medicaid' is clicked on

2019-03-22 18:42:38 - [TEST_STEP][PASSED] - click(findTestObject("Object Repository/Page_CURA Healthcare Service/span_Visit Date (Required)_gly")): Object: 'Object Repository/Page_CURA Healthcare Service/span_Visit Date (Required)_gly' is clicked on

2019-03-22 18:42:38 - [MESSAGE][PASSED] - Object: 'Object Repository/Page_CURA Healthcare Service/span_Visit Date (Required)_gly' is clicked on

2019-03-22 18:42:38 - [TEST_STEP][PASSED] - click(findTestObject("Object Repository/Page_CURA Healthcare Service/td_25")): Object: 'Object Repository/Page_CURA Healthcare Service/td_25' is clicked on

2019-03-22 18:42:38 - [MESSAGE][PASSED] - Object: 'Object Repository/Page_CURA Healthcare Service/td_25' is clicked on

2019-03-22 18:42:38 - [TEST_STEP][PASSED] - setText(findTestObject("Object Repository/Page_CURA Healthcare Service/textarea_Comment_comment"), "Sample appointment katalon."): Text 'Sample appointment katalon.' is set on object 'Object Repository/Page_CURA Healthcare Service/textarea_Comment_comment'

2019-03-22 18:42:38 - [MESSAGE][PASSED] - Text 'Sample appointment katalon.' is set on object 'Object Repository/Page_CURA Healthcare Service/textarea_Comment_comment'

2019-03-22 18:42:38 - [TEST_STEP][PASSED] - click(findTestObject("Page_CURA Healthcare Service/button_Book Appointment")): Object: 'Object Repository/Page_CURA Healthcare Service/button_Book Appointment' is clicked on

2019-03-22 18:42:39 - [MESSAGE][PASSED] - Object: 'Object Repository/Page_CURA Healthcare Service/button_Book Appointment' is clicked on

2019-03-22 18:42:39 - [TEST_STEP][PASSED] - closeBrowser(): Browser is closed

2019-03-22 18:42:39 - [MESSAGE][PASSED] - Browser is closed]]></system-out>
         <system-err><![CDATA[]]></system-err>
      </testcase>
      <system-out><![CDATA[2019-03-22 18:41:28 - [TEST_SUITE][PASSED] - testSuite login: Test Cases/Cura HealthCare Test Cases/Record Web]]></system-out>
      <system-err><![CDATA[]]></system-err>
   </testsuite>
</testsuites>
